<?xml version="1.0" encoding="UTF-8"?>
<!-- Generated by org.testng.reporters.JUnitReportReporter -->
<testsuite hostname="DGB-C02VH08BH" failures="0" tests="20" name="com.newtours.tests.BookFlightTest" time="16.894" errors="0" timestamp="23 Sep 2019 20:34:01 GMT" skipped="0">
  <testcase classname="com.newtours.tests.BookFlightTest" name="registrationPage" time="1.772"/>
  <testcase classname="com.newtours.tests.BookFlightTest" name="registrationConfirmationPage" time="0.389"/>
  <testcase classname="com.newtours.tests.BookFlightTest" name="flightDetailsPage" time="0.569"/>
  <testcase classname="com.newtours.tests.BookFlightTest" name="registrationConfirmationPage" time="0.355"/>
  <testcase classname="com.newtours.tests.BookFlightTest" name="registrationConfirmationPage" time="0.378"/>
  <testcase classname="com.newtours.tests.BookFlightTest" name="registrationPage" time="1.778"/>
  <testcase classname="com.newtours.tests.BookFlightTest" name="flightDetailsPage" time="0.596"/>
  <testcase classname="com.newtours.tests.BookFlightTest" name="findFlightPage" time="0.865"/>
  <testcase classname="com.newtours.tests.BookFlightTest" name="findFlightPage" time="0.827"/>
  <testcase classname="com.newtours.tests.BookFlightTest" name="findFlightPage" time="0.847"/>
  <testcase classname="com.newtours.tests.BookFlightTest" name="flightConfirmationPage" time="0.629"/>
  <testcase classname="com.newtours.tests.BookFlightTest" name="registrationConfirmationPage" time="0.364"/>
  <testcase classname="com.newtours.tests.BookFlightTest" name="flightDetailsPage" time="0.556"/>
  <testcase classname="com.newtours.tests.BookFlightTest" name="flightConfirmationPage" time="0.623"/>
  <testcase classname="com.newtours.tests.BookFlightTest" name="registrationPage" time="1.804"/>
  <testcase classname="com.newtours.tests.BookFlightTest" name="flightDetailsPage" time="0.586"/>
  <testcase classname="com.newtours.tests.BookFlightTest" name="findFlightPage" time="0.840"/>
  <testcase classname="com.newtours.tests.BookFlightTest" name="registrationPage" time="1.831"/>
  <testcase classname="com.newtours.tests.BookFlightTest" name="flightConfirmationPage" time="0.639"/>
  <testcase classname="com.newtours.tests.BookFlightTest" name="flightConfirmationPage" time="0.646"/>
</testsuite> <!-- com.newtours.tests.BookFlightTest -->
