<?xml version="1.0" encoding="UTF-8"?>
<!-- Generated by org.testng.reporters.JUnitReportReporter -->
<testsuite hostname="DGB-C02VH08BH" failures="0" tests="4" name="com.searchmodule.tests.SearchTest" time="16.288" errors="0" timestamp="23 Sep 2019 20:32:27 GMT" skipped="0">
  <testcase classname="com.searchmodule.tests.SearchTest" name="search" time="3.869"/>
  <testcase classname="com.searchmodule.tests.SearchTest" name="search" time="3.784"/>
  <testcase classname="com.searchmodule.tests.SearchTest" name="search" time="4.730"/>
  <testcase classname="com.searchmodule.tests.SearchTest" name="search" time="3.905"/>
</testsuite> <!-- com.searchmodule.tests.SearchTest -->
